#
# A fatal error has been detected by the Java Runtime Environment:
#
#  Internal Error (generateOopMap.cpp:2164), pid=8700, tid=22032
#  fatal error: Illegal class file encountered. Try running with -Xverify:all in method busqueda13
#
# JRE version: OpenJDK Runtime Environment (16.0.1+9) (build 16.0.1+9-24)
# Java VM: OpenJDK 64-Bit Server VM (16.0.1+9-24, mixed mode, tiered, compressed oops, compressed class ptrs, g1 gc, windows-amd64)
# No core dump will be written. Minidumps are not enabled by default on client versions of Windows
#
# If you would like to submit a bug report, please visit:
#   https://bugreport.java.com/bugreport/crash.jsp
#

---------------  S U M M A R Y ------------

Command Line: -XX:+ShowCodeDetailsInExceptionMessages -agentlib:jdwp=transport=dt_socket,suspend=y,address=localhost:53827 -ea -Dfile.encoding=Cp1252 org.testng.remote.RemoteTestNG -serport 53482 -protocol json -d C:\Users\daniele_bn\eclipse-workspace\Mavenjava\test-output C:\Users\DANIEL~1\AppData\Local\Temp\testng-eclipse--2079700574\testng-customsuite.xml

Host: Intel(R) Core(TM) i7-10510U CPU @ 1.80GHz, 8 cores, 15G,  Windows 10 , 64 bit Build 19041 (10.0.19041.1151)
Time: Thu Sep  2 12:33:09 2021 Hora de verano romance elapsed time: 2815.100984 seconds (0d 0h 46m 55s)

---------------  T H R E A D  ---------------

Current thread (0x000001eb1781d070):  VMThread "VM Thread" [stack: 0x000000dcbc700000,0x000000dcbc800000] [id=22032]

Stack: [0x000000dcbc700000,0x000000dcbc800000]
Native frames: (J=compiled Java code, j=interpreted, Vv=VM code, C=native code)
V  [jvm.dll+0x6687ca]
V  [jvm.dll+0x7ca3c9]
V  [jvm.dll+0x7cbb53]
V  [jvm.dll+0x7cc167]
V  [jvm.dll+0x242c03]
V  [jvm.dll+0x3312e9]
V  [jvm.dll+0x32e094]
V  [jvm.dll+0x32d27b]
V  [jvm.dll+0x32c627]
V  [jvm.dll+0x6572ce]
V  [jvm.dll+0x656fd3]
V  [jvm.dll+0x61c848]
V  [jvm.dll+0x7c1e55]
V  [jvm.dll+0x520eec]
V  [jvm.dll+0x7d05eb]
V  [jvm.dll+0x7d12e4]
V  [jvm.dll+0x7d17e9]
V  [jvm.dll+0x7d1aa4]
V  [jvm.dll+0x7d1b70]
V  [jvm.dll+0x779b4a]
V  [jvm.dll+0x667666]
C  [ucrtbase.dll+0x21bb2]
C  [KERNEL32.DLL+0x17034]
C  [ntdll.dll+0x52651]

VM_Operation (0x000000dcbd1ff0e0): get/set locals, mode: safepoint, requested by thread 0x000001eb17a168d0


---------------  P R O C E S S  ---------------

Threads class SMR info:
_java_thread_list=0x000001eb1a0107c0, length=20, elements={
0x000001eb77d7c160, 0x000001eb17832260, 0x000001eb17833120, 0x000001eb17867390,
0x000001eb17867f90, 0x000001eb17868fa0, 0x000001eb1786b9b0, 0x000001eb178780a0,
0x000001eb17878b90, 0x000001eb178859d0, 0x000001eb17a168d0, 0x000001eb17a179b0,
0x000001eb17a19f00, 0x000001eb17a21150, 0x000001eb17a37f40, 0x000001eb19d24540,
0x000001eb18f8e100, 0x000001eb18f8f0f0, 0x000001eb18f8f640, 0x000001eb18f8c120
}

Java Threads: ( => current thread )
  0x000001eb77d7c160 JavaThread "main" [_thread_blocked, id=2636, stack(0x000000dcbc100000,0x000000dcbc200000)]
  0x000001eb17832260 JavaThread "Reference Handler" daemon [_thread_blocked, id=18976, stack(0x000000dcbc800000,0x000000dcbc900000)]
  0x000001eb17833120 JavaThread "Finalizer" daemon [_thread_blocked, id=22372, stack(0x000000dcbc900000,0x000000dcbca00000)]
  0x000001eb17867390 JavaThread "Signal Dispatcher" daemon [_thread_blocked, id=15820, stack(0x000000dcbca00000,0x000000dcbcb00000)]
  0x000001eb17867f90 JavaThread "Attach Listener" daemon [_thread_blocked, id=12692, stack(0x000000dcbcb00000,0x000000dcbcc00000)]
  0x000001eb17868fa0 JavaThread "Service Thread" daemon [_thread_blocked, id=6508, stack(0x000000dcbcc00000,0x000000dcbcd00000)]
  0x000001eb1786b9b0 JavaThread "Monitor Deflation Thread" daemon [_thread_blocked, id=8232, stack(0x000000dcbcd00000,0x000000dcbce00000)]
  0x000001eb178780a0 JavaThread "C2 CompilerThread0" daemon [_thread_blocked, id=20812, stack(0x000000dcbce00000,0x000000dcbcf00000)]
  0x000001eb17878b90 JavaThread "C1 CompilerThread0" daemon [_thread_blocked, id=2640, stack(0x000000dcbcf00000,0x000000dcbd000000)]
  0x000001eb178859d0 JavaThread "Sweeper thread" daemon [_thread_blocked, id=23480, stack(0x000000dcbd000000,0x000000dcbd100000)]
  0x000001eb17a168d0 JavaThread "JDWP Transport Listener: dt_socket" daemon [_thread_blocked, id=2856, stack(0x000000dcbd100000,0x000000dcbd200000)]
  0x000001eb17a179b0 JavaThread "JDWP Event Helper Thread" daemon [_thread_blocked, id=5220, stack(0x000000dcbd200000,0x000000dcbd300000)]
  0x000001eb17a19f00 JavaThread "JDWP Command Reader" daemon [_thread_in_native, id=12704, stack(0x000000dcbd300000,0x000000dcbd400000)]
  0x000001eb17a21150 JavaThread "Notification Thread" daemon [_thread_blocked, id=8540, stack(0x000000dcbd400000,0x000000dcbd500000)]
  0x000001eb17a37f40 JavaThread "Common-Cleaner" daemon [_thread_blocked, id=2420, stack(0x000000dcbd600000,0x000000dcbd700000)]
  0x000001eb19d24540 JavaThread "ReaderThread" [_thread_in_native, id=640, stack(0x000000dcbdf00000,0x000000dcbe000000)]
  0x000001eb18f8e100 JavaThread "Exec Default Executor" daemon [_thread_in_native, id=17528, stack(0x000000dcbe300000,0x000000dcbe400000)]
  0x000001eb18f8f0f0 JavaThread "Exec Stream Pumper" daemon [_thread_in_native, id=13664, stack(0x000000dcbe500000,0x000000dcbe600000)]
  0x000001eb18f8f640 JavaThread "Exec Stream Pumper" daemon [_thread_in_native, id=21844, stack(0x000000dcbe600000,0x000000dcbe700000)]
  0x000001eb18f8c120 JavaThread "Okio Watchdog" daemon [_thread_blocked, id=14264, stack(0x000000dcbe800000,0x000000dcbe900000)]

Other Threads:
=>0x000001eb1781d070 VMThread "VM Thread" [stack: 0x000000dcbc700000,0x000000dcbc800000] [id=22032]
  0x000001eb17a21670 WatcherThread [stack: 0x000000dcbd500000,0x000000dcbd600000] [id=5252]
  0x000001eb77dccef0 GCTaskThread "GC Thread#0" [stack: 0x000000dcbc200000,0x000000dcbc300000] [id=16440]
  0x000001eb182fad30 GCTaskThread "GC Thread#1" [stack: 0x000000dcbd900000,0x000000dcbda00000] [id=21708]
  0x000001eb1916d600 GCTaskThread "GC Thread#2" [stack: 0x000000dcbda00000,0x000000dcbdb00000] [id=11508]
  0x000001eb1916d910 GCTaskThread "GC Thread#3" [stack: 0x000000dcbdb00000,0x000000dcbdc00000] [id=10940]
  0x000001eb1913a800 GCTaskThread "GC Thread#4" [stack: 0x000000dcbdc00000,0x000000dcbdd00000] [id=12136]
  0x000001eb1913ab10 GCTaskThread "GC Thread#5" [stack: 0x000000dcbdd00000,0x000000dcbde00000] [id=22724]
  0x000001eb1a4f00f0 GCTaskThread "GC Thread#6" [stack: 0x000000dcbe000000,0x000000dcbe100000] [id=11516]
  0x000001eb1c8cc230 GCTaskThread "GC Thread#7" [stack: 0x000000dcbe100000,0x000000dcbe200000] [id=13684]
  0x000001eb77dde3e0 ConcurrentGCThread "G1 Main Marker" [stack: 0x000000dcbc300000,0x000000dcbc400000] [id=20756]
  0x000001eb77de0260 ConcurrentGCThread "G1 Conc#0" [stack: 0x000000dcbc400000,0x000000dcbc500000] [id=272]
  0x000001eb1ca82be0 ConcurrentGCThread "G1 Conc#1" [stack: 0x000000dcbe200000,0x000000dcbe300000] [id=20780]
  0x000001eb7f6e84f0 ConcurrentGCThread "G1 Refine#0" [stack: 0x000000dcbc500000,0x000000dcbc600000] [id=2336]
  0x000001eb7f6e9e90 ConcurrentGCThread "G1 Service" [stack: 0x000000dcbc600000,0x000000dcbc700000] [id=14632]

Threads with active compile tasks:

VM state: at safepoint (normal execution)

VM Mutex/Monitor currently owned by a thread:  ([mutex/lock_event])
[0x000001eb77d772f0] Threads_lock - owner thread: 0x000001eb1781d070

Heap address: 0x0000000703e00000, size: 4034 MB, Compressed Oops mode: Zero based, Oop shift amount: 3

CDS disabled.
Compressed class space mapped at: 0x0000000800000000-0x0000000840000000, reserved size: 1073741824
Narrow klass base: 0x0000000800000000, Narrow klass shift: 0, Narrow klass range: 0x40000000

GC Precious Log:
 CPUs: 8 total, 8 available
 Memory: 16134M
 Large Page Support: Disabled
 NUMA Support: Disabled
 Compressed Oops: Enabled (Zero based)
 Heap Region Size: 2M
 Heap Min Capacity: 8M
 Heap Initial Capacity: 254M
 Heap Max Capacity: 4034M
 Pre-touch: Disabled
 Parallel Workers: 8
 Concurrent Workers: 2
 Concurrent Refinement Workers: 8
 Periodic GC: Disabled

Heap:
 garbage-first heap   total 49152K, used 23529K [0x0000000703e00000, 0x0000000800000000)
  region size 2048K, 8 young (16384K), 2 survivors (4096K)
 Metaspace       used 30227K, committed 30464K, reserved 1081344K
  class space    used 3329K, committed 3456K, reserved 1048576K

Heap Regions: E=young(eden), S=young(survivor), O=old, HS=humongous(starts), HC=humongous(continues), CS=collection set, F=free, OA=open archive, CA=closed archive, TAMS=top-at-mark-start (previous, next)
|   0|0x0000000703e00000, 0x0000000704000000, 0x0000000704000000|100%| O|  |TAMS 0x0000000704000000, 0x0000000703e00000| Untracked 
|   1|0x0000000704000000, 0x0000000704200000, 0x0000000704200000|100%| O|  |TAMS 0x0000000704200000, 0x0000000704000000| Untracked 
|   2|0x0000000704200000, 0x0000000704400000, 0x0000000704400000|100%| O|  |TAMS 0x0000000704400000, 0x0000000704200000| Untracked 
|   3|0x0000000704400000, 0x0000000704573a00, 0x0000000704600000| 72%| O|  |TAMS 0x0000000704573a00, 0x0000000704400000| Untracked 
|   4|0x0000000704600000, 0x0000000704786c00, 0x0000000704800000| 76%| O|  |TAMS 0x0000000704600000, 0x0000000704600000| Untracked 
|   5|0x0000000704800000, 0x0000000704800000, 0x0000000704a00000|  0%| F|  |TAMS 0x0000000704800000, 0x0000000704800000| Untracked 
|   6|0x0000000704a00000, 0x0000000704a00000, 0x0000000704c00000|  0%| F|  |TAMS 0x0000000704a00000, 0x0000000704a00000| Untracked 
|   7|0x0000000704c00000, 0x0000000704c00000, 0x0000000704e00000|  0%| F|  |TAMS 0x0000000704c00000, 0x0000000704c00000| Untracked 
|   8|0x0000000704e00000, 0x0000000705000000, 0x0000000705000000|100%| S|CS|TAMS 0x0000000704e00000, 0x0000000704e00000| Complete 
|   9|0x0000000705000000, 0x0000000705200000, 0x0000000705200000|100%| S|CS|TAMS 0x0000000705000000, 0x0000000705000000| Complete 
|  10|0x0000000705200000, 0x0000000705200000, 0x0000000705400000|  0%| F|  |TAMS 0x0000000705200000, 0x0000000705200000| Untracked 
|  11|0x0000000705400000, 0x0000000705400000, 0x0000000705600000|  0%| F|  |TAMS 0x0000000705400000, 0x0000000705400000| Untracked 
|  12|0x0000000705600000, 0x0000000705600000, 0x0000000705800000|  0%| F|  |TAMS 0x0000000705600000, 0x0000000705600000| Untracked 
|  13|0x0000000705800000, 0x0000000705800000, 0x0000000705a00000|  0%| F|  |TAMS 0x0000000705800000, 0x0000000705800000| Untracked 
|  14|0x0000000705a00000, 0x0000000705a00000, 0x0000000705c00000|  0%| F|  |TAMS 0x0000000705a00000, 0x0000000705a00000| Untracked 
|  15|0x0000000705c00000, 0x0000000705c00000, 0x0000000705e00000|  0%| F|  |TAMS 0x0000000705c00000, 0x0000000705c00000| Untracked 
|  16|0x0000000705e00000, 0x0000000705e00000, 0x0000000706000000|  0%| F|  |TAMS 0x0000000705e00000, 0x0000000705e00000| Untracked 
|  17|0x0000000706000000, 0x0000000706000000, 0x0000000706200000|  0%| F|  |TAMS 0x0000000706000000, 0x0000000706000000| Untracked 
|  18|0x0000000706200000, 0x00000007062bd7f0, 0x0000000706400000| 37%| E|  |TAMS 0x0000000706200000, 0x0000000706200000| Complete 
|  19|0x0000000706400000, 0x0000000706600000, 0x0000000706600000|100%| E|CS|TAMS 0x0000000706400000, 0x0000000706400000| Complete 
|  20|0x0000000706600000, 0x0000000706800000, 0x0000000706800000|100%| E|CS|TAMS 0x0000000706600000, 0x0000000706600000| Complete 
| 116|0x0000000712600000, 0x0000000712800000, 0x0000000712800000|100%| E|CS|TAMS 0x0000000712600000, 0x0000000712600000| Complete 
| 117|0x0000000712800000, 0x0000000712a00000, 0x0000000712a00000|100%| E|CS|TAMS 0x0000000712800000, 0x0000000712800000| Complete 
| 126|0x0000000713a00000, 0x0000000713c00000, 0x0000000713c00000|100%| E|CS|TAMS 0x0000000713a00000, 0x0000000713a00000| Complete 

Card table byte_map: [0x000001eb7be10000,0x000001eb7c600000] _byte_map_base: 0x000001eb785f1000

Marking Bits (Prev, Next): (CMBitMap*) 0x000001eb77dcd620, (CMBitMap*) 0x000001eb77dcd5e0
 Prev Bits: [0x000001eb12f10000, 0x000001eb16e18000)
 Next Bits: [0x000001eb0f000000, 0x000001eb12f08000)

Polling page: 0x000001eb75d70000

Metaspace:

Usage:
  Non-class:     26.27 MB used.
      Class:      3.25 MB used.
       Both:     29.52 MB used.

Virtual space:
  Non-class space:       32.00 MB reserved,      26.38 MB ( 82%) committed,  4 nodes.
      Class space:        1.00 GB reserved,       3.38 MB ( <1%) committed,  1 nodes.
              Both:        1.03 GB reserved,      29.75 MB (  3%) committed. 

Chunk freelists:
   Non-Class:  1.27 MB
       Class:  494.00 KB
        Both:  1.75 MB

MaxMetaspaceSize: 17179869184.00 GB
CompressedClassSpaceSize: 1.00 GB
 - commit_granule_bytes: 65536.
 - commit_granule_words: 8192.
 - virtual_space_node_default_size: 1048576.
 - enlarge_chunks_in_place: 1.
 - new_chunks_are_fully_committed: 0.
 - uncommit_free_chunks: 1.
 - use_allocation_guard: 0.
 - handle_deallocations: 1.


Internal statistics:

num_allocs_failed_limit: 3.
num_arena_births: 250.
num_arena_deaths: 0.
num_vsnodes_births: 5.
num_vsnodes_deaths: 0.
num_space_committed: 476.
num_space_uncommitted: 0.
num_chunks_returned_to_freelist: 3.
num_chunks_taken_from_freelist: 811.
num_chunk_merges: 0.
num_chunk_splits: 524.
num_chunks_enlarged: 371.
num_purges: 0.

CodeHeap 'non-profiled nmethods': size=120000Kb used=1424Kb max_used=1424Kb free=118575Kb
 bounds [0x000001eb07ad0000, 0x000001eb07d40000, 0x000001eb0f000000]
CodeHeap 'profiled nmethods': size=120000Kb used=4773Kb max_used=4773Kb free=115226Kb
 bounds [0x000001eb005a0000, 0x000001eb00a50000, 0x000001eb07ad0000]
CodeHeap 'non-nmethods': size=5760Kb used=1340Kb max_used=1434Kb free=4419Kb
 bounds [0x000001eb00000000, 0x000001eb00270000, 0x000001eb005a0000]
 total_blobs=3009 nmethods=2430 adapters=491
 compilation: enabled
              stopped_count=0, restarted_count=0
 full_count=0

Compilation events (20 events):
Event: 3.890 Thread 0x000001eb17878b90 nmethod 2422 0x000001eb00a40310 code [0x000001eb00a405a0, 0x000001eb00a41318]
Event: 3.894 Thread 0x000001eb17878b90 2424       3       java.lang.invoke.MethodHandles$Lookup::getDirectMethodCommon (280 bytes)
Event: 3.895 Thread 0x000001eb17878b90 nmethod 2424 0x000001eb00a41690 code [0x000001eb00a419c0, 0x000001eb00a42ab8]
Event: 3.897 Thread 0x000001eb17878b90 2425       3       java.lang.reflect.AccessibleObject::checkCanSetAccessible (386 bytes)
Event: 3.899 Thread 0x000001eb17878b90 nmethod 2425 0x000001eb00a43190 code [0x000001eb00a43940, 0x000001eb00a473e8]
Event: 3.900 Thread 0x000001eb17878b90 2427       1       jdk.internal.reflect.ClassFileAssembler::getStack (5 bytes)
Event: 3.900 Thread 0x000001eb17878b90 nmethod 2427 0x000001eb07c23010 code [0x000001eb07c231a0, 0x000001eb07c23278]
Event: 3.900 Thread 0x000001eb17878b90 2428       3       java.lang.Class::isLocalOrAnonymousClass (5 bytes)
Event: 3.900 Thread 0x000001eb17878b90 nmethod 2428 0x000001eb00a48890 code [0x000001eb00a48a40, 0x000001eb00a48c58]
Event: 3.900 Thread 0x000001eb17878b90 2429       3       java.lang.Class::hasEnclosingMethodInfo (17 bytes)
Event: 3.900 Thread 0x000001eb17878b90 nmethod 2429 0x000001eb00a48d90 code [0x000001eb00a48f40, 0x000001eb00a49118]
Event: 3.901 Thread 0x000001eb17878b90 2430       1       org.testng.shaded.com.google.gson.reflect.TypeToken::hashCode (5 bytes)
Event: 3.901 Thread 0x000001eb17878b90 nmethod 2430 0x000001eb07c23310 code [0x000001eb07c234a0, 0x000001eb07c23578]
Event: 4.430 Thread 0x000001eb178780a0 nmethod 2417 0x000001eb07c23a10 code [0x000001eb07c24100, 0x000001eb07c2ff98]
Event: 4.431 Thread 0x000001eb178780a0 2423       4       java.lang.Object::equals (11 bytes)
Event: 4.431 Thread 0x000001eb178780a0 nmethod 2423 0x000001eb07c33a90 code [0x000001eb07c33c00, 0x000001eb07c33c98]
Event: 4.431 Thread 0x000001eb178780a0 2418       4       java.util.HashMap::<init> (11 bytes)
Event: 4.432 Thread 0x000001eb178780a0 nmethod 2418 0x000001eb07c33d90 code [0x000001eb07c33f00, 0x000001eb07c33f78]
Event: 1921.977 Thread 0x000001eb17878b90 2432       3       jdk.internal.misc.InnocuousThread::eraseThreadLocals (23 bytes)
Event: 1921.977 Thread 0x000001eb17878b90 nmethod 2432 0x000001eb00a49210 code [0x000001eb00a493c0, 0x000001eb00a495b8]

GC Heap History (8 events):
Event: 0.482 GC heap before
{Heap before GC invocations=0 (full 0):
 garbage-first heap   total 260096K, used 20480K [0x0000000703e00000, 0x0000000800000000)
  region size 2048K, 11 young (22528K), 0 survivors (0K)
 Metaspace       used 8365K, committed 8512K, reserved 1056768K
  class space    used 716K, committed 832K, reserved 1048576K
}
Event: 0.484 GC heap after
{Heap after GC invocations=1 (full 0):
 garbage-first heap   total 260096K, used 7434K [0x0000000703e00000, 0x0000000800000000)
  region size 2048K, 2 young (4096K), 2 survivors (4096K)
 Metaspace       used 8365K, committed 8512K, reserved 1056768K
  class space    used 716K, committed 832K, reserved 1048576K
}
Event: 0.970 GC heap before
{Heap before GC invocations=1 (full 0):
 garbage-first heap   total 260096K, used 29962K [0x0000000703e00000, 0x0000000800000000)
  region size 2048K, 13 young (26624K), 2 survivors (4096K)
 Metaspace       used 15988K, committed 16192K, reserved 1064960K
  class space    used 1572K, committed 1664K, reserved 1048576K
}
Event: 0.973 GC heap after
{Heap after GC invocations=2 (full 0):
 garbage-first heap   total 260096K, used 9340K [0x0000000703e00000, 0x0000000800000000)
  region size 2048K, 1 young (2048K), 1 survivors (2048K)
 Metaspace       used 15988K, committed 16192K, reserved 1064960K
  class space    used 1572K, committed 1664K, reserved 1048576K
}
Event: 1.251 GC heap before
{Heap before GC invocations=2 (full 0):
 garbage-first heap   total 260096K, used 25724K [0x0000000703e00000, 0x0000000800000000)
  region size 2048K, 10 young (20480K), 1 survivors (2048K)
 Metaspace       used 21025K, committed 21248K, reserved 1073152K
  class space    used 2192K, committed 2304K, reserved 1048576K
}
Event: 1.254 GC heap after
{Heap after GC invocations=3 (full 0):
 garbage-first heap   total 260096K, used 10986K [0x0000000703e00000, 0x0000000800000000)
  region size 2048K, 2 young (4096K), 2 survivors (4096K)
 Metaspace       used 21025K, committed 21248K, reserved 1073152K
  class space    used 2192K, committed 2304K, reserved 1048576K
}
Event: 1.723 GC heap before
{Heap before GC invocations=4 (full 0):
 garbage-first heap   total 49152K, used 35562K [0x0000000703e00000, 0x0000000800000000)
  region size 2048K, 14 young (28672K), 2 survivors (4096K)
 Metaspace       used 27469K, committed 27648K, reserved 1073152K
  class space    used 2999K, committed 3072K, reserved 1048576K
}
Event: 1.728 GC heap after
{Heap after GC invocations=5 (full 0):
 garbage-first heap   total 49152K, used 13289K [0x0000000703e00000, 0x0000000800000000)
  region size 2048K, 2 young (4096K), 2 survivors (4096K)
 Metaspace       used 27469K, committed 27648K, reserved 1073152K
  class space    used 2999K, committed 3072K, reserved 1048576K
}

Deoptimization events (20 events):
Event: 2.364 Thread 0x000001eb77d7c160 Uncommon trap: trap_request=0xffffffde fr.pc=0x000001eb07c0dc68 relative=0x0000000000000688
Event: 2.364 Thread 0x000001eb77d7c160 Uncommon trap: reason=class_check action=maybe_recompile pc=0x000001eb07c0dc68 method=org.openqa.selenium.json.Input.init()V @ 18 c2
Event: 2.364 Thread 0x000001eb77d7c160 DEOPT PACKING pc=0x000001eb07c0dc68 sp=0x000000dcbc1fc800
Event: 2.364 Thread 0x000001eb77d7c160 DEOPT UNPACKING pc=0x000001eb0004d72e sp=0x000000dcbc1fc7f8 mode 2
Event: 2.382 Thread 0x000001eb77d7c160 Uncommon trap: trap_request=0xffffff45 fr.pc=0x000001eb07b7ee18 relative=0x00000000000011f8
Event: 2.382 Thread 0x000001eb77d7c160 Uncommon trap: reason=unstable_if action=reinterpret pc=0x000001eb07b7ee18 method=java.util.concurrent.ConcurrentHashMap.putVal(Ljava/lang/Object;Ljava/lang/Object;Z)Ljava/lang/Object; @ 256 c2
Event: 2.382 Thread 0x000001eb77d7c160 DEOPT PACKING pc=0x000001eb07b7ee18 sp=0x000000dcbc1fce90
Event: 2.382 Thread 0x000001eb77d7c160 DEOPT UNPACKING pc=0x000001eb0004d72e sp=0x000000dcbc1fce18 mode 2
Event: 2.385 Thread 0x000001eb77d7c160 DEOPT PACKING pc=0x000001eb0086793c sp=0x000000dcbc1fcb20
Event: 2.385 Thread 0x000001eb77d7c160 DEOPT UNPACKING pc=0x000001eb0004dece sp=0x000000dcbc1fc010 mode 1
Event: 3.796 Thread 0x000001eb77d7c160 Uncommon trap: trap_request=0xffffffc6 fr.pc=0x000001eb07bfe6f4 relative=0x00000000000008f4
Event: 3.796 Thread 0x000001eb77d7c160 Uncommon trap: reason=bimorphic_or_optimized_type_check action=maybe_recompile pc=0x000001eb07bfe6f4 method=java.util.regex.Pattern$SliceI.match(Ljava/util/regex/Matcher;ILjava/lang/CharSequence;)Z @ 92 c2
Event: 3.796 Thread 0x000001eb77d7c160 DEOPT PACKING pc=0x000001eb07bfe6f4 sp=0x000000dcbc1fc6c0
Event: 3.796 Thread 0x000001eb77d7c160 DEOPT UNPACKING pc=0x000001eb0004d72e sp=0x000000dcbc1fc668 mode 2
Event: 3.799 Thread 0x000001eb77d7c160 Uncommon trap: trap_request=0xffffff45 fr.pc=0x000001eb07bb361c relative=0x00000000000017fc
Event: 3.799 Thread 0x000001eb77d7c160 Uncommon trap: reason=unstable_if action=reinterpret pc=0x000001eb07bb361c method=jdk.internal.loader.URLClassPath$FileLoader.getResource(Ljava/lang/String;Z)Ljdk/internal/loader/Resource; @ 139 c2
Event: 3.799 Thread 0x000001eb77d7c160 DEOPT PACKING pc=0x000001eb07bb361c sp=0x000000dcbc1fd040
Event: 3.799 Thread 0x000001eb77d7c160 DEOPT UNPACKING pc=0x000001eb0004d72e sp=0x000000dcbc1fd078 mode 2
Event: 3.899 Thread 0x000001eb77d7c160 DEOPT PACKING pc=0x000001eb0093bd4c sp=0x000000dcbc1fdd60
Event: 3.899 Thread 0x000001eb77d7c160 DEOPT UNPACKING pc=0x000001eb0004dece sp=0x000000dcbc1fd2a8 mode 1

Classes unloaded (0 events):
No events

Classes redefined (7 events):
Event: 134.654 Thread 0x000001eb1781d070 redefined class name=prueba.Mavenjava.Homepage, count=1
Event: 255.735 Thread 0x000001eb1781d070 redefined class name=prueba.Mavenjava.Homepage, count=2
Event: 356.657 Thread 0x000001eb1781d070 redefined class name=prueba.Mavenjava.Homepage, count=3
Event: 397.401 Thread 0x000001eb1781d070 redefined class name=prueba.Mavenjava.Homepage, count=4
Event: 800.152 Thread 0x000001eb1781d070 redefined class name=prueba.Mavenjava.Homepage, count=5
Event: 861.298 Thread 0x000001eb1781d070 redefined class name=prueba.Mavenjava.Homepage, count=6
Event: 2809.168 Thread 0x000001eb1781d070 redefined class name=prueba.Mavenjava.Homepage, count=7

Internal exceptions (20 events):
Event: 1.555 Thread 0x000001eb18f8e100 Exception <a 'java/lang/NoSuchMethodError'{0x0000000705614b98}: 'java.lang.Object java.lang.invoke.DirectMethodHandle$Holder.newInvokeSpecial(java.lang.Object, long)'> (0x0000000705614b98) 
thrown [t:\workspace\open\src\hotspot\share\interpreter\linkResolver.cpp, line 790]
Event: 1.556 Thread 0x000001eb18f8e100 Exception <a 'java/lang/NoSuchMethodError'{0x000000070561b8d0}: 'java.lang.Object java.lang.invoke.DirectMethodHandle$Holder.invokeStatic(java.lang.Object, java.lang.Object, long, java.lang.Object)'> (0x000000070561b8d0) 
thrown [t:\workspace\open\src\hotspot\share\interpreter\linkResolver.cpp, line 790]
Event: 1.556 Thread 0x000001eb18f8e100 Exception <a 'java/lang/NoSuchMethodError'{0x000000070561f2c8}: 'java.lang.Object java.lang.invoke.DirectMethodHandle$Holder.invokeStaticInit(java.lang.Object, java.lang.Object, long, java.lang.Object)'> (0x000000070561f2c8) 
thrown [t:\workspace\open\src\hotspot\share\interpreter\linkResolver.cpp, line 790]
Event: 1.556 Thread 0x000001eb18f8e100 Exception <a 'java/lang/NoSuchMethodError'{0x0000000705625640}: 'java.lang.Object java.lang.invoke.DirectMethodHandle$Holder.newInvokeSpecial(java.lang.Object, java.lang.Object, long)'> (0x0000000705625640) 
thrown [t:\workspace\open\src\hotspot\share\interpreter\linkResolver.cpp, line 790]
Event: 1.556 Thread 0x000001eb18f8e100 Exception <a 'java/lang/NoSuchMethodError'{0x00000007056293b0}: 'java.lang.Object java.lang.invoke.Invokers$Holder.linkToTargetMethod(java.lang.Object, long, java.lang.Object)'> (0x00000007056293b0) 
thrown [t:\workspace\open\src\hotspot\share\interpreter\linkResolver.cpp, line 790]
Event: 1.573 Thread 0x000001eb18f8eba0 Exception <a 'java/net/ConnectException'{0x00000007056e07e0}: Connection refused: no further information> (0x00000007056e07e0) 
thrown [t:\workspace\open\src\hotspot\share\prims\jni.cpp, line 600]
Event: 1.573 Thread 0x000001eb18f8eba0 Exception <a 'java/net/SocketException'{0x00000007056e0b18}: Socket is not connected: shutdown> (0x00000007056e0b18) 
thrown [t:\workspace\open\src\hotspot\share\prims\jni.cpp, line 600]
Event: 1.657 Thread 0x000001eb77d7c160 Exception <a 'java/lang/NoSuchMethodError'{0x00000007059ffb48}: 'java.lang.Object java.lang.invoke.DirectMethodHandle$Holder.invokeInterface(java.lang.Object, java.lang.Object, java.lang.Object)'> (0x00000007059ffb48) 
thrown [t:\workspace\open\src\hotspot\share\interpreter\linkResolver.cpp, line 790]
Event: 1.658 Thread 0x000001eb77d7c160 Exception <a 'java/lang/IncompatibleClassChangeError'{0x0000000705403930}: Found class java.lang.Object, but interface was expected> (0x0000000705403930) 
thrown [t:\workspace\open\src\hotspot\share\interpreter\linkResolver.cpp, line 857]
Event: 1.662 Thread 0x000001eb77d7c160 Exception <a 'java/lang/NoSuchMethodError'{0x000000070540c308}: 'int java.lang.invoke.DirectMethodHandle$Holder.invokeSpecialIFC(java.lang.Object, java.lang.Object, java.lang.Object, java.lang.Object)'> (0x000000070540c308) 
thrown [t:\workspace\open\src\hotspot\share\interpreter\linkResolver.cpp, line 790]
Event: 1.663 Thread 0x000001eb77d7c160 Exception <a 'java/lang/NoSuchMethodError'{0x00000007054148b8}: 'java.lang.Object java.lang.invoke.DirectMethodHandle$Holder.invokeInterface(java.lang.Object, java.lang.Object, java.lang.Object, java.lang.Object)'> (0x00000007054148b8) 
thrown [t:\workspace\open\src\hotspot\share\interpreter\linkResolver.cpp, line 790]
Event: 1.671 Thread 0x000001eb77d7c160 Exception <a 'java/lang/NoSuchMethodError'{0x000000070543b9f0}: 'java.lang.Object java.lang.invoke.DirectMethodHandle$Holder.invokeVirtual(java.lang.Object, java.lang.Object, java.lang.Object)'> (0x000000070543b9f0) 
thrown [t:\workspace\open\src\hotspot\share\interpreter\linkResolver.cpp, line 790]
Event: 1.677 Thread 0x000001eb77d7c160 Exception <a 'java/lang/NoSuchMethodError'{0x00000007054b8e30}: 'void java.lang.invoke.DirectMethodHandle$Holder.invokeInterface(java.lang.Object, java.lang.Object, java.lang.Object)'> (0x00000007054b8e30) 
thrown [t:\workspace\open\src\hotspot\share\interpreter\linkResolver.cpp, line 790]
Event: 1.683 Thread 0x000001eb77d7c160 Exception <a 'java/lang/NoSuchMethodError'{0x000000070551fa40}: 'double java.lang.invoke.DirectMethodHandle$Holder.invokeVirtual(java.lang.Object, java.lang.Object)'> (0x000000070551fa40) 
thrown [t:\workspace\open\src\hotspot\share\interpreter\linkResolver.cpp, line 790]
Event: 1.683 Thread 0x000001eb77d7c160 Exception <a 'java/lang/NoSuchMethodError'{0x0000000705526428}: 'float java.lang.invoke.DirectMethodHandle$Holder.invokeVirtual(java.lang.Object, java.lang.Object)'> (0x0000000705526428) 
thrown [t:\workspace\open\src\hotspot\share\interpreter\linkResolver.cpp, line 790]
Event: 1.684 Thread 0x000001eb77d7c160 Exception <a 'java/lang/NoSuchMethodError'{0x000000070552f6b0}: 'long java.lang.invoke.DirectMethodHandle$Holder.invokeVirtual(java.lang.Object, java.lang.Object)'> (0x000000070552f6b0) 
thrown [t:\workspace\open\src\hotspot\share\interpreter\linkResolver.cpp, line 790]
Event: 2.368 Thread 0x000001eb77d7c160 Exception <a 'java/lang/NoSuchMethodError'{0x00000007066c46c8}: 'java.lang.Object java.lang.invoke.DirectMethodHandle$Holder.invokeSpecialIFC(java.lang.Object, java.lang.Object, java.lang.Object)'> (0x00000007066c46c8) 
thrown [t:\workspace\open\src\hotspot\share\interpreter\linkResolver.cpp, line 790]
Event: 2.383 Thread 0x000001eb77d7c160 Exception <a 'java/lang/NoSuchMethodError'{0x0000000706742b10}: 'java.lang.Object java.lang.invoke.DirectMethodHandle$Holder.invokeStatic(java.lang.Object, int, java.lang.Object)'> (0x0000000706742b10) 
thrown [t:\workspace\open\src\hotspot\share\interpreter\linkResolver.cpp, line 790]
Event: 2.385 Thread 0x000001eb77d7c160 Exception <a 'java/lang/ClassNotFoundException'{0x0000000706754480}: sun/util/logging/resources/spi/loggingProvider> (0x0000000706754480) 
thrown [t:\workspace\open\src\hotspot\share\classfile\systemDictionary.cpp, line 256]
Event: 3.889 Thread 0x000001eb77d7c160 Exception <a 'java/lang/NoSuchMethodError'{0x0000000706552468}: 'void java.lang.invoke.DirectMethodHandle$Holder.invokeInterface(java.lang.Object, java.lang.Object)'> (0x0000000706552468) 
thrown [t:\workspace\open\src\hotspot\share\interpreter\linkResolver.cpp, line 790]

Events (20 events):
Event: 861.392 Executing  VM operation: ChangeBreakpoints done
Event: 861.401 Executing  VM operation: ChangeBreakpoints
Event: 861.403 Executing  VM operation: ChangeBreakpoints done
Event: 2809.161 Executing  VM operation: RedefineClasses
Event: 2809.177 Executing  VM operation: RedefineClasses done
Event: 2809.238 Executing  VM operation: ChangeBreakpoints
Event: 2809.238 Executing  VM operation: ChangeBreakpoints done
Event: 2809.247 Executing  VM operation: ChangeBreakpoints
Event: 2809.251 Executing  VM operation: ChangeBreakpoints done
Event: 2809.271 Executing  VM operation: ChangeBreakpoints
Event: 2809.273 Executing  VM operation: ChangeBreakpoints done
Event: 2809.284 Executing  VM operation: ChangeBreakpoints
Event: 2809.284 Executing  VM operation: ChangeBreakpoints done
Event: 2809.293 Executing  VM operation: ChangeBreakpoints
Event: 2809.294 Executing  VM operation: ChangeBreakpoints done
Event: 2809.305 Executing  VM operation: ChangeBreakpoints
Event: 2809.306 Executing  VM operation: ChangeBreakpoints done
Event: 2809.312 Executing  VM operation: ChangeBreakpoints
Event: 2809.316 Executing  VM operation: ChangeBreakpoints done
Event: 2815.096 Executing  VM operation: get/set locals


Dynamic libraries:
0x00007ff7a8650000 - 0x00007ff7a865e000 	C:\Users\daniele_bn\Downloads\eclipse\plugins\org.eclipse.justj.openjdk.hotspot.jre.full.win32.x86_64_16.0.1.v20210528-1205\jre\bin\javaw.exe
0x00007ffcd37b0000 - 0x00007ffcd39a5000 	C:\Windows\SYSTEM32\ntdll.dll
0x00007ffcd1be0000 - 0x00007ffcd1c9d000 	C:\Windows\System32\KERNEL32.DLL
0x00007ffcd1310000 - 0x00007ffcd15d9000 	C:\Windows\System32\KERNELBASE.dll
0x00007ffcd0f00000 - 0x00007ffcd1000000 	C:\Windows\System32\ucrtbase.dll
0x00007ffcb20d0000 - 0x00007ffcb20e8000 	C:\Users\daniele_bn\Downloads\eclipse\plugins\org.eclipse.justj.openjdk.hotspot.jre.full.win32.x86_64_16.0.1.v20210528-1205\jre\bin\jli.dll
0x00007ffcb1a50000 - 0x00007ffcb1a69000 	C:\Users\daniele_bn\Downloads\eclipse\plugins\org.eclipse.justj.openjdk.hotspot.jre.full.win32.x86_64_16.0.1.v20210528-1205\jre\bin\VCRUNTIME140.dll
0x00007ffcd24d0000 - 0x00007ffcd2670000 	C:\Windows\System32\USER32.dll
0x00007ffcd02c0000 - 0x00007ffcd055a000 	C:\Windows\WinSxS\amd64_microsoft.windows.common-controls_6595b64144ccf1df_6.0.19041.1110_none_60b5254171f9507e\COMCTL32.dll
0x00007ffcd12e0000 - 0x00007ffcd1302000 	C:\Windows\System32\win32u.dll
0x00007ffcd2e30000 - 0x00007ffcd2ece000 	C:\Windows\System32\msvcrt.dll
0x00007ffcd2be0000 - 0x00007ffcd2c0a000 	C:\Windows\System32\GDI32.dll
0x00007ffcd11d0000 - 0x00007ffcd12db000 	C:\Windows\System32\gdi32full.dll
0x00007ffcd15e0000 - 0x00007ffcd167d000 	C:\Windows\System32\msvcp_win.dll
0x00007ffcd3660000 - 0x00007ffcd3690000 	C:\Windows\System32\IMM32.DLL
0x00007ffcd0a20000 - 0x00007ffcd0a2c000 	C:\Users\daniele_bn\Downloads\eclipse\plugins\org.eclipse.justj.openjdk.hotspot.jre.full.win32.x86_64_16.0.1.v20210528-1205\jre\bin\vcruntime140_1.dll
0x00007ffcaced0000 - 0x00007ffcacf61000 	C:\Users\daniele_bn\Downloads\eclipse\plugins\org.eclipse.justj.openjdk.hotspot.jre.full.win32.x86_64_16.0.1.v20210528-1205\jre\bin\msvcp140.dll
0x00007ffc60ab0000 - 0x00007ffc6165b000 	C:\Users\daniele_bn\Downloads\eclipse\plugins\org.eclipse.justj.openjdk.hotspot.jre.full.win32.x86_64_16.0.1.v20210528-1205\jre\bin\server\jvm.dll
0x00007ffcd19b0000 - 0x00007ffcd1a5c000 	C:\Windows\System32\ADVAPI32.dll
0x00007ffcd17e0000 - 0x00007ffcd187b000 	C:\Windows\System32\sechost.dll
0x00007ffcd1880000 - 0x00007ffcd19aa000 	C:\Windows\System32\RPCRT4.dll
0x00007ffcd2d40000 - 0x00007ffcd2d48000 	C:\Windows\System32\PSAPI.DLL
0x00007ffca82c0000 - 0x00007ffca82e7000 	C:\Windows\SYSTEM32\WINMM.dll
0x00007ffcc2a60000 - 0x00007ffcc2a69000 	C:\Windows\SYSTEM32\WSOCK32.dll
0x00007ffcc8600000 - 0x00007ffcc860a000 	C:\Windows\SYSTEM32\VERSION.dll
0x00007ffcd35f0000 - 0x00007ffcd365b000 	C:\Windows\System32\WS2_32.dll
0x00007ffcce960000 - 0x00007ffcce972000 	C:\Windows\SYSTEM32\kernel.appcore.dll
0x00007ffccf4b0000 - 0x00007ffccf4ba000 	C:\Users\daniele_bn\Downloads\eclipse\plugins\org.eclipse.justj.openjdk.hotspot.jre.full.win32.x86_64_16.0.1.v20210528-1205\jre\bin\jimage.dll
0x00007ffcd0830000 - 0x00007ffcd0a14000 	C:\Windows\SYSTEM32\DBGHELP.DLL
0x00007ffcd0800000 - 0x00007ffcd082c000 	C:\Windows\SYSTEM32\dbgcore.DLL
0x00007ffcd1090000 - 0x00007ffcd1113000 	C:\Windows\System32\bcryptPrimitives.dll
0x00007ffcace90000 - 0x00007ffcacecb000 	C:\Users\daniele_bn\Downloads\eclipse\plugins\org.eclipse.justj.openjdk.hotspot.jre.full.win32.x86_64_16.0.1.v20210528-1205\jre\bin\jdwp.dll
0x00007ffcace60000 - 0x00007ffcace85000 	C:\Users\daniele_bn\Downloads\eclipse\plugins\org.eclipse.justj.openjdk.hotspot.jre.full.win32.x86_64_16.0.1.v20210528-1205\jre\bin\java.dll
0x00007ffcb1090000 - 0x00007ffcb10a8000 	C:\Users\daniele_bn\Downloads\eclipse\plugins\org.eclipse.justj.openjdk.hotspot.jre.full.win32.x86_64_16.0.1.v20210528-1205\jre\bin\zip.dll
0x00007ffcd1ca0000 - 0x00007ffcd23df000 	C:\Windows\System32\SHELL32.dll
0x00007ffcce1d0000 - 0x00007ffcce960000 	C:\Windows\SYSTEM32\windows.storage.dll
0x00007ffcd26d0000 - 0x00007ffcd2a25000 	C:\Windows\System32\combase.dll
0x00007ffcd01c0000 - 0x00007ffcd01ec000 	C:\Windows\SYSTEM32\Wldp.dll
0x00007ffcd3540000 - 0x00007ffcd35ee000 	C:\Windows\System32\SHCORE.dll
0x00007ffcd1a60000 - 0x00007ffcd1ab5000 	C:\Windows\System32\shlwapi.dll
0x00007ffcd0df0000 - 0x00007ffcd0e0f000 	C:\Windows\SYSTEM32\profapi.dll
0x00007ffccba80000 - 0x00007ffccba8c000 	C:\Users\daniele_bn\Downloads\eclipse\plugins\org.eclipse.justj.openjdk.hotspot.jre.full.win32.x86_64_16.0.1.v20210528-1205\jre\bin\dt_socket.dll
0x00007ffccfc10000 - 0x00007ffccfc4b000 	C:\Windows\SYSTEM32\IPHLPAPI.DLL
0x00007ffcd0090000 - 0x00007ffcd00fa000 	C:\Windows\system32\mswsock.dll
0x00007ffccfc50000 - 0x00007ffccfd1c000 	C:\Windows\SYSTEM32\DNSAPI.dll
0x00007ffcd1ac0000 - 0x00007ffcd1ac8000 	C:\Windows\System32\NSI.dll
0x00007ffcc6b60000 - 0x00007ffcc6b6a000 	C:\Windows\System32\rasadhlp.dll
0x00007ffccac50000 - 0x00007ffccaccf000 	C:\Windows\System32\fwpuclnt.dll
0x00007ffcd1000000 - 0x00007ffcd1027000 	C:\Windows\System32\bcrypt.dll
0x00007ffc9d560000 - 0x00007ffc9d579000 	C:\Users\daniele_bn\Downloads\eclipse\plugins\org.eclipse.justj.openjdk.hotspot.jre.full.win32.x86_64_16.0.1.v20210528-1205\jre\bin\net.dll
0x00007ffcc6350000 - 0x00007ffcc6458000 	C:\Windows\SYSTEM32\WINHTTP.dll
0x00007ffc9d470000 - 0x00007ffc9d483000 	C:\Users\daniele_bn\Downloads\eclipse\plugins\org.eclipse.justj.openjdk.hotspot.jre.full.win32.x86_64_16.0.1.v20210528-1205\jre\bin\nio.dll
0x00007ffcd0bc0000 - 0x00007ffcd0bd8000 	C:\Windows\SYSTEM32\CRYPTSP.dll
0x00007ffccf8c0000 - 0x00007ffccf8f4000 	C:\Windows\system32\rsaenh.dll
0x00007ffcd0d70000 - 0x00007ffcd0d9e000 	C:\Windows\SYSTEM32\USERENV.dll
0x00007ffcd0180000 - 0x00007ffcd018c000 	C:\Windows\SYSTEM32\CRYPTBASE.dll
0x00007ffcca9f0000 - 0x00007ffccaa07000 	C:\Windows\SYSTEM32\dhcpcsvc6.DLL
0x00007ffcca9b0000 - 0x00007ffcca9cd000 	C:\Windows\SYSTEM32\dhcpcsvc.DLL
0x00007ffcb3080000 - 0x00007ffcb3089000 	C:\Users\daniele_bn\Downloads\eclipse\plugins\org.eclipse.justj.openjdk.hotspot.jre.full.win32.x86_64_16.0.1.v20210528-1205\jre\bin\management.dll
0x00007ffcb2440000 - 0x00007ffcb244b000 	C:\Users\daniele_bn\Downloads\eclipse\plugins\org.eclipse.justj.openjdk.hotspot.jre.full.win32.x86_64_16.0.1.v20210528-1205\jre\bin\management_ext.dll
0x00007ffccf530000 - 0x00007ffccf547000 	C:\Windows\system32\napinsp.dll
0x00007ffccf550000 - 0x00007ffccf56b000 	C:\Windows\system32\pnrpnsp.dll
0x00007ffccace0000 - 0x00007ffccacf5000 	C:\Windows\system32\wshbth.dll
0x00007ffccb640000 - 0x00007ffccb65d000 	C:\Windows\system32\NLAapi.dll
0x00007ffccf570000 - 0x00007ffccf582000 	C:\Windows\System32\winrnr.dll
0x00007ffcb1b80000 - 0x00007ffcb1b8e000 	C:\Users\daniele_bn\Downloads\eclipse\plugins\org.eclipse.justj.openjdk.hotspot.jre.full.win32.x86_64_16.0.1.v20210528-1205\jre\bin\sunmscapi.dll
0x00007ffcd1680000 - 0x00007ffcd17df000 	C:\Windows\System32\CRYPT32.dll
0x00007ffcd0290000 - 0x00007ffcd02b7000 	C:\Windows\SYSTEM32\ncrypt.dll
0x00007ffcd01f0000 - 0x00007ffcd022b000 	C:\Windows\SYSTEM32\NTASN1.dll
0x00007ffcb10d0000 - 0x00007ffcb10e0000 	C:\Users\daniele_bn\Downloads\eclipse\plugins\org.eclipse.justj.openjdk.hotspot.jre.full.win32.x86_64_16.0.1.v20210528-1205\jre\bin\verify.dll

dbghelp: loaded successfully - version: 4.0.5 - missing functions: none
symbol engine: initialized successfully - sym options: 0x614 - pdb path: .;C:\Users\daniele_bn\Downloads\eclipse\plugins\org.eclipse.justj.openjdk.hotspot.jre.full.win32.x86_64_16.0.1.v20210528-1205\jre\bin;C:\Windows\SYSTEM32;C:\Windows\WinSxS\amd64_microsoft.windows.common-controls_6595b64144ccf1df_6.0.19041.1110_none_60b5254171f9507e;C:\Users\daniele_bn\Downloads\eclipse\plugins\org.eclipse.justj.openjdk.hotspot.jre.full.win32.x86_64_16.0.1.v20210528-1205\jre\bin\server

VM Arguments:
jvm_args: -XX:+ShowCodeDetailsInExceptionMessages -agentlib:jdwp=transport=dt_socket,suspend=y,address=localhost:53827 -ea -Dfile.encoding=Cp1252 
java_command: org.testng.remote.RemoteTestNG -serport 53482 -protocol json -d C:\Users\daniele_bn\eclipse-workspace\Mavenjava\test-output C:\Users\DANIEL~1\AppData\Local\Temp\testng-eclipse--2079700574\testng-customsuite.xml
java_class_path (initial): C:\Users\daniele_bn\eclipse\java-2021-06\eclipse\configuration\org.eclipse.osgi\440\0\.cp\lib\testng-remote.jar;C:\Users\daniele_bn\eclipse-workspace\Mavenjava\target\test-classes;C:\Users\daniele_bn\eclipse-workspace\Mavenjava\target\classes;C:\Users\daniele_bn\Documents\Automatización\apache-log4j-2.14.1-bin\log4j-1.2-api-2.14.1.jar;C:\Users\daniele_bn\Documents\Automatización\apache-log4j-2.14.1-bin\log4j-core-2.14.1.jar;C:\Users\daniele_bn\.m2\repository\io\cucumber\cucumber-java\6.11.0\cucumber-java-6.11.0.jar;C:\Users\daniele_bn\.m2\repository\org\apiguardian\apiguardian-api\1.1.2\apiguardian-api-1.1.2.jar;C:\Users\daniele_bn\.m2\repository\io\cucumber\cucumber-junit\6.11.0\cucumber-junit-6.11.0.jar;C:\Users\daniele_bn\.m2\repository\io\cucumber\cucumber-testng\6.11.0\cucumber-testng-6.11.0.jar;C:\Users\daniele_bn\.m2\repository\io\cucumber\cucumber-core\6.11.0\cucumber-core-6.11.0.jar;C:\Users\daniele_bn\.m2\repository\io\cucumber\cucumber-gherkin\6.11.0\cucumber-gherkin-6.11.0.jar;C:\Users\daniele_bn\.m2\repository\io\cucumber\cucumber-gherkin-messages\6.11.0\cucumber-gherkin-messages-6.11.0.jar;C:\Users\daniele_bn\.m2\repository\io\cucumber\messages\15.0.0\messages-15.0.0.jar;C:\Users\daniele_bn\.m2\repository\io\cucumber\tag-expressions\3.0.1\tag-expressions-3.0.1.jar;C:\Users\daniele_bn\.m2\repository\io\cucumber\cucumber-expressions\10.3.0\cucumber-expressions-10.3.0.jar;C:\Users\daniele_bn\.m2\repository\io\cucumber\datatable\3.5.0\datatable-3.5.0.jar;C:\Users\daniele_bn\.m2\repository\io\cucumber\cucumber-plugin\6.11.0\cucumber-plugin-6.11.0.jar;C:\Users\daniele_bn\.m2\repository\io\cucumber\docstring\6.11.0\docstring-6.11.0.jar;C:\Users\daniele_bn\.m2\repository\io\cucumber\html-formatter\13.0.0\html-formatter-13.0.0.jar;C:\Users\daniele_bn\.m2\repository\io\cucumber\create-meta\4.0.0\create-meta-4.0.0.jar;C:\Users\daniele_bn\.m2\repository\org\apache\logging\log4j\log4j-api\2.14.1\log4j-api-2.14.1.jar;C:\Users\daniele_bn\
Launcher Type: SUN_STANDARD

[Global flags]
     intx CICompilerCount                          = 4                                         {product} {ergonomic}
     uint ConcGCThreads                            = 2                                         {product} {ergonomic}
     uint G1ConcRefinementThreads                  = 8                                         {product} {ergonomic}
   size_t G1HeapRegionSize                         = 2097152                                   {product} {ergonomic}
    uintx GCDrainStackTargetSize                   = 64                                        {product} {ergonomic}
   size_t InitialHeapSize                          = 266338304                                 {product} {ergonomic}
   size_t MarkStackSize                            = 4194304                                   {product} {ergonomic}
   size_t MaxHeapSize                              = 4229955584                                {product} {ergonomic}
   size_t MaxNewSize                               = 2537553920                                {product} {ergonomic}
   size_t MinHeapDeltaBytes                        = 2097152                                   {product} {ergonomic}
   size_t MinHeapSize                              = 8388608                                   {product} {ergonomic}
    uintx NonNMethodCodeHeapSize                   = 5839372                                {pd product} {ergonomic}
    uintx NonProfiledCodeHeapSize                  = 122909434                              {pd product} {ergonomic}
    uintx ProfiledCodeHeapSize                     = 122909434                              {pd product} {ergonomic}
    uintx ReservedCodeCacheSize                    = 251658240                              {pd product} {ergonomic}
     bool SegmentedCodeCache                       = true                                      {product} {ergonomic}
     bool ShowCodeDetailsInExceptionMessages       = true                                   {manageable} {command line}
   size_t SoftMaxHeapSize                          = 4229955584                             {manageable} {ergonomic}
     bool UseCompressedClassPointers               = true                           {product lp64_product} {ergonomic}
     bool UseCompressedOops                        = true                           {product lp64_product} {ergonomic}
     bool UseG1GC                                  = true                                      {product} {ergonomic}
     bool UseLargePagesIndividualAllocation        = false                                  {pd product} {ergonomic}

Logging:
Log output configuration:
 #0: stdout all=warning uptime,level,tags
 #1: stderr all=off uptime,level,tags

Environment Variables:
JAVA_HOME=C:\Program Files\Java\jdk-11.0.12
PATH=C:\Users\daniele_bn\Downloads\eclipse\plugins\org.eclipse.justj.openjdk.hotspot.jre.full.win32.x86_64_16.0.1.v20210528-1205\jre\bin;C:\Program Files\Common Files\Oracle\Java\javapath;C:\Windows\system32;C:\Windows;C:\Windows\System32\Wbem;C:\Windows\System32\WindowsPowerShell\v1.0\;C:\Windows\System32\OpenSSH\;C:\Program Files\Git\cmd;C:\Users\daniele_bn\Documents\Automatizaci¢n\apache-maven-3.8.1\bin;C:\Program Files\Java\jdk-11.0.12\bin;C:\Users\daniele_bn\AppData\Local\Microsoft\WindowsApps;;C:\Users\daniele_bn\AppData\Local\Programs\Microsoft VS Code\bin
USERNAME=Daniele_BN
OS=Windows_NT
PROCESSOR_IDENTIFIER=Intel64 Family 6 Model 142 Stepping 12, GenuineIntel



---------------  S Y S T E M  ---------------

OS:
 Windows 10 , 64 bit Build 19041 (10.0.19041.1151)
OS uptime: 7 days 4:41 hours

CPU: total 8 (initial active 8) (4 cores per cpu, 2 threads per core) family 6 model 142 stepping 12 microcode 0xea, cx8, cmov, fxsr, ht, mmx, 3dnowpref, sse, sse2, sse3, ssse3, sse4.1, sse4.2, popcnt, lzcnt, tsc, tscinvbit, avx, avx2, aes, erms, clmul, bmi1, bmi2, adx, fma, vzeroupper, clflush, clflushopt

Memory: 4k page, system-wide physical 16134M (7462M free)
TotalPageFile size 18566M (AvailPageFile size 7464M)
current process WorkingSet (physical memory assigned to process): 126M, peak: 183M
current process commit charge ("private bytes"): 170M, peak: 426M

vm_info: OpenJDK 64-Bit Server VM (16.0.1+9-24) for windows-amd64 JRE (16.0.1+9-24), built on Mar 26 2021 19:30:07 by "mach5one" with MS VC++ 16.7 (VS2019)

END.
